# JRE version: Java(TM) SE Runtime Environment (8.0_92-b14) (build 1.8.0_92-b14)
# Java VM: Java HotSpot(TM) Client VM (25.92-b14 mixed mode windows-x86 )
Heap:
 def new generation   total 39424K, used 23049K [0x04a00000, 0x074c0000, 0x0f4a0000)
  eden space 35072K,  55% used [0x04a00000, 0x05ce67e8, 0x06c40000)
  from space 4352K,  84% used [0x07080000, 0x0741bda8, 0x074c0000)
  to   space 4352K,   0% used [0x06c40000, 0x06c40000, 0x07080000)
 tenured generation   total 87424K, used 36783K [0x0f4a0000, 0x14a00000, 0x24a00000)
   the space 87424K,  42% used [0x0f4a0000, 0x1188bc88, 0x1188be00, 0x14a00000)
 Metaspace       used 19120K, capacity 19602K, committed 19712K, reserved 19840K
GC Heap History (10 events):
Event: 645.719 GC heap before
{Heap before GC invocations=27 (full 1):
 def new generation   total 39424K, used 37203K [0x04a00000, 0x074c0000, 0x0f4a0000)
  eden space 35072K, 100% used [0x04a00000, 0x06c40000, 0x06c40000)
  from space 4352K,  48% used [0x06c40000, 0x06e54c60, 0x07080000)
  to   space 4352K,   0% used [0x07080000, 0x07080000, 0x074c0000)
 tenured generation   total 87424K, used 36596K [0x0f4a0000, 0x14a00000, 0x24a00000)
   the space 87424K,  41% used [0x0f4a0000, 0x1185d0a8, 0x1185d200, 0x14a00000)
 Metaspace       used 19116K, capacity 19597K, committed 19712K, reserved 19840K
Event: 645.732 GC heap after
Heap after GC invocations=28 (full 1):
 def new generation   total 39424K, used 2200K [0x04a00000, 0x074c0000, 0x0f4a0000)
  eden space 35072K,   0% used [0x04a00000, 0x04a00000, 0x06c40000)
  from space 4352K,  50% used [0x07080000, 0x072a60d8, 0x074c0000)
  to   space 4352K,   0% used [0x06c40000, 0x06c40000, 0x07080000)
 tenured generation   total 87424K, used 36596K [0x0f4a0000, 0x14a00000, 0x24a00000)
   the space 87424K,  41% used [0x0f4a0000, 0x1185d0a8, 0x1185d200, 0x14a00000)
 Metaspace       used 19116K, capacity 19597K, committed 19712K, reserved 19840K
}
Event: 679.810 GC heap before
{Heap before GC invocations=28 (full 1):
 def new generation   total 39424K, used 37272K [0x04a00000, 0x074c0000, 0x0f4a0000)
  eden space 35072K, 100% used [0x04a00000, 0x06c40000, 0x06c40000)
  from space 4352K,  50% used [0x07080000, 0x072a60d8, 0x074c0000)
  to   space 4352K,   0% used [0x06c40000, 0x06c40000, 0x07080000)
 tenured generation   total 87424K, used 36596K [0x0f4a0000, 0x14a00000, 0x24a00000)
   the space 87424K,  41% used [0x0f4a0000, 0x1185d0a8, 0x1185d200, 0x14a00000)
 Metaspace       used 19117K, capacity 19597K, committed 19712K, reserved 19840K
Event: 679.822 GC heap after
Heap after GC invocations=29 (full 1):
 def new generation   total 39424K, used 1890K [0x04a00000, 0x074c0000, 0x0f4a0000)
  eden space 35072K,   0% used [0x04a00000, 0x04a00000, 0x06c40000)
  from space 4352K,  43% used [0x06c40000, 0x06e18a88, 0x07080000)
  to   space 4352K,   0% used [0x07080000, 0x07080000, 0x074c0000)
 tenured generation   total 87424K, used 36783K [0x0f4a0000, 0x14a00000, 0x24a00000)
   the space 87424K,  42% used [0x0f4a0000, 0x1188bc88, 0x1188be00, 0x14a00000)
 Metaspace       used 19117K, capacity 19597K, committed 19712K, reserved 19840K
}
Event: 718.719 GC heap before
{Heap before GC invocations=29 (full 1):
 def new generation   total 39424K, used 36959K [0x04a00000, 0x074c0000, 0x0f4a0000)
  eden space 35072K,  99% used [0x04a00000, 0x06c3f2c8, 0x06c40000)
  from space 4352K,  43% used [0x06c40000, 0x06e18a88, 0x07080000)
  to   space 4352K,   0% used [0x07080000, 0x07080000, 0x074c0000)
 tenured generation   total 87424K, used 36783K [0x0f4a0000, 0x14a00000, 0x24a00000)
   the space 87424K,  42% used [0x0f4a0000, 0x1188bc88, 0x1188be00, 0x14a00000)
 Metaspace       used 19118K, capacity 19597K, committed 19712K, reserved 19840K
Event: 718.723 GC heap after
Heap after GC invocations=30 (full 1):
 def new generation   total 39424K, used 1894K [0x04a00000, 0x074c0000, 0x0f4a0000)
  eden space 35072K,   0% used [0x04a00000, 0x04a00000, 0x06c40000)
  from space 4352K,  43% used [0x07080000, 0x072598f0, 0x074c0000)
  to   space 4352K,   0% used [0x06c40000, 0x06c40000, 0x07080000)
 tenured generation   total 87424K, used 36783K [0x0f4a0000, 0x14a00000, 0x24a00000)
   the space 87424K,  42% used [0x0f4a0000, 0x1188bc88, 0x1188be00, 0x14a00000)
 Metaspace       used 19118K, capacity 19597K, committed 19712K, reserved 19840K
}
Event: 748.313 GC heap before
{Heap before GC invocations=30 (full 1):
 def new generation   total 39424K, used 36966K [0x04a00000, 0x074c0000, 0x0f4a0000)
  eden space 35072K, 100% used [0x04a00000, 0x06c40000, 0x06c40000)
  from space 4352K,  43% used [0x07080000, 0x072598f0, 0x074c0000)
  to   space 4352K,   0% used [0x06c40000, 0x06c40000, 0x07080000)
 tenured generation   total 87424K, used 36783K [0x0f4a0000, 0x14a00000, 0x24a00000)
   the space 87424K,  42% used [0x0f4a0000, 0x1188bc88, 0x1188be00, 0x14a00000)
 Metaspace       used 19118K, capacity 19597K, committed 19712K, reserved 19840K
Event: 748.319 GC heap after
Heap after GC invocations=31 (full 1):
 def new generation   total 39424K, used 1925K [0x04a00000, 0x074c0000, 0x0f4a0000)
  eden space 35072K,   0% used [0x04a00000, 0x04a00000, 0x06c40000)
  from space 4352K,  44% used [0x06c40000, 0x06e216c8, 0x07080000)
  to   space 4352K,   0% used [0x07080000, 0x07080000, 0x074c0000)
 tenured generation   total 87424K, used 36783K [0x0f4a0000, 0x14a00000, 0x24a00000)
   the space 87424K,  42% used [0x0f4a0000, 0x1188bc88, 0x1188be00, 0x14a00000)
 Metaspace       used 19118K, capacity 19597K, committed 19712K, reserved 19840K
}
Event: 778.896 GC heap before
{Heap before GC invocations=31 (full 1):
 def new generation   total 39424K, used 36756K [0x04a00000, 0x074c0000, 0x0f4a0000)
  eden space 35072K,  99% used [0x04a00000, 0x06c03a18, 0x06c40000)
  from space 4352K,  44% used [0x06c40000, 0x06e216c8, 0x07080000)
  to   space 4352K,   0% used [0x07080000, 0x07080000, 0x074c0000)
 tenured generation   total 87424K, used 36783K [0x0f4a0000, 0x14a00000, 0x24a00000)
   the space 87424K,  42% used [0x0f4a0000, 0x1188bc88, 0x1188be00, 0x14a00000)
 Metaspace       used 19120K, capacity 19602K, committed 19712K, reserved 19840K
Event: 778.902 GC heap after
Heap after GC invocations=32 (full 1):
 def new generation   total 39424K, used 3695K [0x04a00000, 0x074c0000, 0x0f4a0000)
  eden space 35072K,   0% used [0x04a00000, 0x04a00000, 0x06c40000)
  from space 4352K,  84% used [0x07080000, 0x0741bda8, 0x074c0000)
  to   space 4352K,   0% used [0x06c40000, 0x06c40000, 0x07080000)
 tenured generation   total 87424K, used 36783K [0x0f4a0000, 0x14a00000, 0x24a00000)
   the space 87424K,  42% used [0x0f4a0000, 0x1188bc88, 0x1188be00, 0x14a00000)
 Metaspace       used 19120K, capacity 19602K, committed 19712K, reserved 19840K
}

